<?xml version="1.0" encoding="UTF-8"?>
<testsuite name="com.example.payment_instruction_service.PaymentInstructionServiceApplicationTests" tests="1" skipped="0" failures="0" errors="0" timestamp="2025-08-24T11:16:30.049Z" hostname="dino.celikovic-smec" time="0.275">
  <properties/>
  <testcase name="contextLoads()" classname="com.example.payment_instruction_service.PaymentInstructionServiceApplicationTests" time="0.275"/>
  <system-out><![CDATA[13:16:27.453 [Test worker] INFO org.springframework.test.context.support.AnnotationConfigContextLoaderUtils -- Could not detect default configuration classes for test class [com.example.payment_instruction_service.PaymentInstructionServiceApplicationTests]: PaymentInstructionServiceApplicationTests does not declare any static, non-private, non-final, nested classes annotated with @Configuration.
13:16:27.532 [Test worker] INFO org.springframework.boot.test.context.SpringBootTestContextBootstrapper -- Found @SpringBootConfiguration com.example.payment_instruction_service.PaymentInstructionServiceApplication for test class com.example.payment_instruction_service.PaymentInstructionServiceApplicationTests

  .   ____          _            __ _ _
 /\\ / ___'_ __ _ _(_)_ __  __ _ \ \ \ \
( ( )\___ | '_ | '_| | '_ \/ _` | \ \ \ \
 \\/  ___)| |_)| | | | | || (_| |  ) ) ) )
  '  |____| .__|_| |_|_| |_\__, | / / / /
 =========|_|==============|___/=/_/_/_/

 :: Spring Boot ::                (v3.5.5)

2025-08-24T13:16:27.758+02:00  INFO 55135 --- [payment-instruction-service] [    Test worker] aymentInstructionServiceApplicationTests : Starting PaymentInstructionServiceApplicationTests using Java 21.0.8 with PID 55135 (started by dino.celikovic in /Users/dino.celikovic/dev/payment-instruction-service)
2025-08-24T13:16:27.762+02:00  INFO 55135 --- [payment-instruction-service] [    Test worker] aymentInstructionServiceApplicationTests : No active profile set, falling back to 1 default profile: "default"
2025-08-24T13:16:28.284+02:00  INFO 55135 --- [payment-instruction-service] [    Test worker] .s.d.r.c.RepositoryConfigurationDelegate : Bootstrapping Spring Data JPA repositories in DEFAULT mode.
2025-08-24T13:16:28.346+02:00  INFO 55135 --- [payment-instruction-service] [    Test worker] .s.d.r.c.RepositoryConfigurationDelegate : Finished Spring Data repository scanning in 43 ms. Found 1 JPA repository interface.
2025-08-24T13:16:28.676+02:00  INFO 55135 --- [payment-instruction-service] [    Test worker] o.hibernate.jpa.internal.util.LogHelper  : HHH000204: Processing PersistenceUnitInfo [name: default]
2025-08-24T13:16:28.700+02:00  INFO 55135 --- [payment-instruction-service] [    Test worker] org.hibernate.Version                    : HHH000412: Hibernate ORM core version 6.6.26.Final
2025-08-24T13:16:28.720+02:00  INFO 55135 --- [payment-instruction-service] [    Test worker] o.h.c.internal.RegionFactoryInitiator    : HHH000026: Second-level cache disabled
2025-08-24T13:16:28.859+02:00  INFO 55135 --- [payment-instruction-service] [    Test worker] o.s.o.j.p.SpringPersistenceUnitInfo      : No LoadTimeWeaver setup: ignoring JPA class transformer
2025-08-24T13:16:28.874+02:00  INFO 55135 --- [payment-instruction-service] [    Test worker] com.zaxxer.hikari.HikariDataSource       : HikariPool-1 - Starting...
2025-08-24T13:16:28.964+02:00  INFO 55135 --- [payment-instruction-service] [    Test worker] com.zaxxer.hikari.pool.HikariPool        : HikariPool-1 - Added connection conn0: url=jdbc:h2:mem:paymentsdb user=SA
2025-08-24T13:16:28.965+02:00  INFO 55135 --- [payment-instruction-service] [    Test worker] com.zaxxer.hikari.HikariDataSource       : HikariPool-1 - Start completed.
2025-08-24T13:16:28.977+02:00  WARN 55135 --- [payment-instruction-service] [    Test worker] org.hibernate.orm.deprecation            : HHH90000025: H2Dialect does not need to be specified explicitly using 'hibernate.dialect' (remove the property setting and it will be selected by default)
2025-08-24T13:16:28.989+02:00  INFO 55135 --- [payment-instruction-service] [    Test worker] org.hibernate.orm.connections.pooling    : HHH10001005: Database info:
	Database JDBC URL [Connecting through datasource 'HikariDataSource (HikariPool-1)']
	Database driver: undefined/unknown
	Database version: 2.3.232
	Autocommit mode: undefined/unknown
	Isolation level: undefined/unknown
	Minimum pool size: undefined/unknown
	Maximum pool size: undefined/unknown
2025-08-24T13:16:29.571+02:00  INFO 55135 --- [payment-instruction-service] [    Test worker] o.h.e.t.j.p.i.JtaPlatformInitiator       : HHH000489: No JTA platform available (set 'hibernate.transaction.jta.platform' to enable JTA platform integration)
2025-08-24T13:16:29.600+02:00  INFO 55135 --- [payment-instruction-service] [    Test worker] j.LocalContainerEntityManagerFactoryBean : Initialized JPA EntityManagerFactory for persistence unit 'default'
2025-08-24T13:16:29.803+02:00  WARN 55135 --- [payment-instruction-service] [    Test worker] JpaBaseConfiguration$JpaWebConfiguration : spring.jpa.open-in-view is enabled by default. Therefore, database queries may be performed during view rendering. Explicitly configure spring.jpa.open-in-view to disable this warning
2025-08-24T13:16:29.972+02:00  INFO 55135 --- [payment-instruction-service] [    Test worker] o.s.b.a.h2.H2ConsoleAutoConfiguration    : H2 console available at '/h2-console'. Database available at 'jdbc:h2:mem:paymentsdb'
2025-08-24T13:16:30.040+02:00  INFO 55135 --- [payment-instruction-service] [    Test worker] aymentInstructionServiceApplicationTests : Started PaymentInstructionServiceApplicationTests in 2.426 seconds (process running for 3.149)
]]></system-out>
  <system-err><![CDATA[Mockito is currently self-attaching to enable the inline-mock-maker. This will no longer work in future releases of the JDK. Please add Mockito as an agent to your build as described in Mockito's documentation: https://javadoc.io/doc/org.mockito/mockito-core/latest/org.mockito/org/mockito/Mockito.html#0.3
WARNING: A Java agent has been loaded dynamically (/Users/dino.celikovic/.gradle/caches/modules-2/files-2.1/net.bytebuddy/byte-buddy-agent/1.17.7/fbf3d6d649ed37fc9e9c59480a05be0a26e3c2da/byte-buddy-agent-1.17.7.jar)
WARNING: If a serviceability tool is in use, please run with -XX:+EnableDynamicAgentLoading to hide this warning
WARNING: If a serviceability tool is not in use, please run with -Djdk.instrument.traceUsage for more information
WARNING: Dynamic loading of agents will be disallowed by default in a future release
]]></system-err>
</testsuite>
